[Mon Apr 01 13:48:34 2013] [error] [client 84.248.255.45] (20014)Internal error: proxy: error reading status line from remote server localhost:3000, referer: http://poems.freeriderconsulting.org/login
[Mon Apr 01 13:48:34 2013] [error] [client 84.248.255.45] proxy: Error reading from remote server returned by /login, referer: http://poems.freeriderconsulting.org/login
[Mon Apr 01 13:48:51 2013] [error] [client 84.248.255.45] (20014)Internal error: proxy: error reading status line from remote server localhost:3000, referer: http://poems.freeriderconsulting.org/login
[Mon Apr 01 13:48:51 2013] [error] [client 84.248.255.45] proxy: Error reading from remote server returned by /login, referer: http://poems.freeriderconsulting.org/login
[Mon Apr 01 14:17:46 2013] [error] [client 84.248.255.45] (20014)Internal error: proxy: error reading status line from remote server localhost:3000, referer: http://poems.freeriderconsulting.org/login
[Mon Apr 01 14:17:47 2013] [error] (111)Connection refused: proxy: HTTP: attempt to connect to 127.0.0.1:3000 (localhost) failed
[Mon Apr 01 14:17:47 2013] [error] ap_proxy_connect_backend disabling worker for (localhost)
[Mon Apr 01 14:17:50 2013] [error] proxy: HTTP: disabled connection for (localhost)
[Mon Apr 01 14:18:04 2013] [error] proxy: HTTP: disabled connection for (localhost)
[Mon Apr 01 14:37:38 2013] [error] [client 84.248.255.45] (20014)Internal error: proxy: error reading status line from remote server localhost:3000, referer: http://poems.freeriderconsulting.org/login
[Mon Apr 01 14:37:38 2013] [error] [client 84.248.255.45] proxy: Error reading from remote server returned by /login, referer: http://poems.freeriderconsulting.org/login
[Mon Apr 01 14:42:01 2013] [error] [client 84.248.255.45] (20014)Internal error: proxy: error reading status line from remote server localhost:3000, referer: http://poems.freeriderconsulting.org/login
[Mon Apr 01 14:42:01 2013] [error] [client 84.248.255.45] proxy: Error reading from remote server returned by /login, referer: http://poems.freeriderconsulting.org/login
[Mon Apr 01 15:00:24 2013] [error] [client 84.248.255.45] (20014)Internal error: proxy: error reading status line from remote server localhost:3000
[Mon Apr 01 15:00:24 2013] [error] [client 84.248.255.45] proxy: Error reading from remote server returned by /
[Mon Apr 01 15:00:29 2013] [error] [client 84.248.255.45] (20014)Internal error: proxy: error reading status line from remote server localhost:3000, referer: http://poems.freeriderconsulting.org/
[Mon Apr 01 15:00:29 2013] [error] (111)Connection refused: proxy: HTTP: attempt to connect to 127.0.0.1:3000 (localhost) failed
[Mon Apr 01 15:00:29 2013] [error] ap_proxy_connect_backend disabling worker for (localhost)
[Mon Apr 01 15:00:31 2013] [error] proxy: HTTP: disabled connection for (localhost)
[Mon Apr 01 15:01:51 2013] [error] [client 84.248.255.45] (20014)Internal error: proxy: error reading status line from remote server localhost:3000
[Mon Apr 01 15:01:51 2013] [error] [client 84.248.255.45] proxy: Error reading from remote server returned by /
[Mon Apr 01 15:01:53 2013] [error] [client 84.248.255.45] (20014)Internal error: proxy: error reading status line from remote server localhost:3000
[Mon Apr 01 15:01:53 2013] [error] (111)Connection refused: proxy: HTTP: attempt to connect to 127.0.0.1:3000 (localhost) failed
[Mon Apr 01 15:01:53 2013] [error] ap_proxy_connect_backend disabling worker for (localhost)
[Mon Apr 01 15:01:57 2013] [error] proxy: HTTP: disabled connection for (localhost)
[Mon Apr 01 15:02:00 2013] [error] proxy: HTTP: disabled connection for (localhost)
[Mon Apr 01 15:02:00 2013] [error] proxy: HTTP: disabled connection for (localhost)
[Mon Apr 01 15:02:01 2013] [error] proxy: HTTP: disabled connection for (localhost)
[Mon Apr 01 15:02:01 2013] [error] proxy: HTTP: disabled connection for (localhost)
[Mon Apr 01 15:02:02 2013] [error] proxy: HTTP: disabled connection for (localhost)
[Mon Apr 01 15:02:02 2013] [error] proxy: HTTP: disabled connection for (localhost)
[Mon Apr 01 15:02:02 2013] [error] proxy: HTTP: disabled connection for (localhost)
[Mon Apr 01 15:02:03 2013] [error] proxy: HTTP: disabled connection for (localhost)
[Mon Apr 01 15:02:03 2013] [error] proxy: HTTP: disabled connection for (localhost)
[Mon Apr 01 15:02:03 2013] [error] proxy: HTTP: disabled connection for (localhost)
[Mon Apr 01 15:02:03 2013] [error] proxy: HTTP: disabled connection for (localhost)
[Mon Apr 01 15:02:03 2013] [error] proxy: HTTP: disabled connection for (localhost)
[Mon Apr 01 15:02:03 2013] [error] proxy: HTTP: disabled connection for (localhost)
[Mon Apr 01 15:02:03 2013] [error] proxy: HTTP: disabled connection for (localhost)
[Mon Apr 01 15:02:03 2013] [error] proxy: HTTP: disabled connection for (localhost)
[Mon Apr 01 15:02:03 2013] [error] proxy: HTTP: disabled connection for (localhost)
[Mon Apr 01 15:02:03 2013] [error] proxy: HTTP: disabled connection for (localhost)
[Mon Apr 01 15:02:03 2013] [error] proxy: HTTP: disabled connection for (localhost)
[Mon Apr 01 15:02:03 2013] [error] proxy: HTTP: disabled connection for (localhost)
[Mon Apr 01 15:02:03 2013] [error] proxy: HTTP: disabled connection for (localhost)
[Mon Apr 01 15:02:03 2013] [error] proxy: HTTP: disabled connection for (localhost)
[Mon Apr 01 15:02:03 2013] [error] proxy: HTTP: disabled connection for (localhost)
[Mon Apr 01 15:02:03 2013] [error] proxy: HTTP: disabled connection for (localhost)
[Mon Apr 01 15:02:03 2013] [error] proxy: HTTP: disabled connection for (localhost)
[Mon Apr 01 15:02:03 2013] [error] proxy: HTTP: disabled connection for (localhost)
[Mon Apr 01 15:02:03 2013] [error] proxy: HTTP: disabled connection for (localhost)
[Mon Apr 01 15:02:03 2013] [error] proxy: HTTP: disabled connection for (localhost)
[Mon Apr 01 15:02:03 2013] [error] proxy: HTTP: disabled connection for (localhost)
[Mon Apr 01 15:02:03 2013] [error] proxy: HTTP: disabled connection for (localhost)
[Mon Apr 01 15:02:03 2013] [error] proxy: HTTP: disabled connection for (localhost)
[Mon Apr 01 15:02:03 2013] [error] proxy: HTTP: disabled connection for (localhost)
[Mon Apr 01 15:02:03 2013] [error] proxy: HTTP: disabled connection for (localhost)
[Mon Apr 01 15:02:03 2013] [error] proxy: HTTP: disabled connection for (localhost)
[Mon Apr 01 15:02:03 2013] [error] proxy: HTTP: disabled connection for (localhost)
[Mon Apr 01 15:02:03 2013] [error] proxy: HTTP: disabled connection for (localhost)
[Mon Apr 01 15:02:04 2013] [error] proxy: HTTP: disabled connection for (localhost)
[Mon Apr 01 15:02:04 2013] [error] proxy: HTTP: disabled connection for (localhost)
[Mon Apr 01 15:02:05 2013] [error] proxy: HTTP: disabled connection for (localhost)
[Mon Apr 01 15:02:05 2013] [error] proxy: HTTP: disabled connection for (localhost)
[Mon Apr 01 15:02:05 2013] [error] proxy: HTTP: disabled connection for (localhost)
[Mon Apr 01 15:02:06 2013] [error] proxy: HTTP: disabled connection for (localhost)
[Mon Apr 01 15:02:06 2013] [error] proxy: HTTP: disabled connection for (localhost)
[Mon Apr 01 15:02:06 2013] [error] proxy: HTTP: disabled connection for (localhost)
[Mon Apr 01 15:02:07 2013] [error] proxy: HTTP: disabled connection for (localhost)
[Mon Apr 01 15:02:07 2013] [error] proxy: HTTP: disabled connection for (localhost)
[Mon Apr 01 15:02:07 2013] [error] proxy: HTTP: disabled connection for (localhost)
[Mon Apr 01 15:02:21 2013] [error] proxy: HTTP: disabled connection for (localhost)
[Mon Apr 01 15:02:22 2013] [error] proxy: HTTP: disabled connection for (localhost)
[Mon Apr 01 15:02:22 2013] [error] proxy: HTTP: disabled connection for (localhost)
[Mon Apr 01 15:02:23 2013] [error] proxy: HTTP: disabled connection for (localhost)
[Mon Apr 01 15:02:23 2013] [error] proxy: HTTP: disabled connection for (localhost)
[Mon Apr 01 15:02:23 2013] [error] proxy: HTTP: disabled connection for (localhost)
[Mon Apr 01 15:02:24 2013] [error] proxy: HTTP: disabled connection for (localhost)
[Mon Apr 01 15:02:29 2013] [error] proxy: HTTP: disabled connection for (localhost)
[Mon Apr 01 15:02:33 2013] [error] proxy: HTTP: disabled connection for (localhost)
[Mon Apr 01 15:02:44 2013] [error] proxy: HTTP: disabled connection for (localhost)
[Mon Apr 01 15:03:38 2013] [error] [client 84.248.255.45] (20014)Internal error: proxy: error reading status line from remote server localhost:3000
[Mon Apr 01 15:03:38 2013] [error] [client 84.248.255.45] proxy: Error reading from remote server returned by /
[Mon Apr 01 15:03:40 2013] [error] [client 84.248.255.45] (20014)Internal error: proxy: error reading status line from remote server localhost:3000
[Mon Apr 01 15:03:40 2013] [error] (111)Connection refused: proxy: HTTP: attempt to connect to 127.0.0.1:3000 (localhost) failed
[Mon Apr 01 15:03:40 2013] [error] ap_proxy_connect_backend disabling worker for (localhost)
[Mon Apr 01 15:03:41 2013] [error] proxy: HTTP: disabled connection for (localhost)
[Mon Apr 01 15:03:42 2013] [error] proxy: HTTP: disabled connection for (localhost)
[Mon Apr 01 15:03:42 2013] [error] proxy: HTTP: disabled connection for (localhost)
[Mon Apr 01 15:03:43 2013] [error] proxy: HTTP: disabled connection for (localhost)
[Mon Apr 01 15:03:43 2013] [error] proxy: HTTP: disabled connection for (localhost)
[Mon Apr 01 15:03:44 2013] [error] proxy: HTTP: disabled connection for (localhost)
[Mon Apr 01 15:03:44 2013] [error] proxy: HTTP: disabled connection for (localhost)
[Mon Apr 01 15:03:44 2013] [error] proxy: HTTP: disabled connection for (localhost)
[Mon Apr 01 15:03:45 2013] [error] proxy: HTTP: disabled connection for (localhost)
[Mon Apr 01 15:03:45 2013] [error] proxy: HTTP: disabled connection for (localhost)
[Mon Apr 01 15:03:45 2013] [error] proxy: HTTP: disabled connection for (localhost)
[Mon Apr 01 15:03:45 2013] [error] proxy: HTTP: disabled connection for (localhost)
[Mon Apr 01 15:03:45 2013] [error] proxy: HTTP: disabled connection for (localhost)
[Mon Apr 01 15:03:46 2013] [error] proxy: HTTP: disabled connection for (localhost)
[Mon Apr 01 15:03:46 2013] [error] proxy: HTTP: disabled connection for (localhost)
[Mon Apr 01 15:03:46 2013] [error] proxy: HTTP: disabled connection for (localhost)
[Mon Apr 01 15:03:46 2013] [error] proxy: HTTP: disabled connection for (localhost)
[Mon Apr 01 15:03:46 2013] [error] proxy: HTTP: disabled connection for (localhost)
[Mon Apr 01 15:03:46 2013] [error] proxy: HTTP: disabled connection for (localhost)
[Mon Apr 01 15:03:58 2013] [error] proxy: HTTP: disabled connection for (localhost)
[Mon Apr 01 15:03:59 2013] [error] proxy: HTTP: disabled connection for (localhost)
[Mon Apr 01 15:03:59 2013] [error] proxy: HTTP: disabled connection for (localhost)
[Mon Apr 01 15:03:59 2013] [error] proxy: HTTP: disabled connection for (localhost)
[Mon Apr 01 15:04:00 2013] [error] proxy: HTTP: disabled connection for (localhost)
[Mon Apr 01 15:23:05 2013] [error] [client 84.248.255.45] (20014)Internal error: proxy: error reading status line from remote server localhost:3000, referer: http://poems.freeriderconsulting.org/login
[Mon Apr 01 15:23:05 2013] [error] (111)Connection refused: proxy: HTTP: attempt to connect to 127.0.0.1:3000 (localhost) failed
[Mon Apr 01 15:23:05 2013] [error] ap_proxy_connect_backend disabling worker for (localhost)
[Mon Apr 01 15:23:09 2013] [error] proxy: HTTP: disabled connection for (localhost)
[Mon Apr 01 15:23:13 2013] [error] proxy: HTTP: disabled connection for (localhost)
[Mon Apr 01 15:23:16 2013] [error] proxy: HTTP: disabled connection for (localhost)
[Mon Apr 01 15:24:03 2013] [error] proxy: HTTP: disabled connection for (localhost)
[Mon Apr 01 15:24:05 2013] [error] proxy: HTTP: disabled connection for (localhost)
[Mon Apr 01 15:24:21 2013] [error] [client 84.248.255.45] (20014)Internal error: proxy: error reading status line from remote server localhost:3000, referer: http://poems.freeriderconsulting.org/login
[Mon Apr 01 15:24:21 2013] [error] (111)Connection refused: proxy: HTTP: attempt to connect to 127.0.0.1:3000 (localhost) failed
[Mon Apr 01 15:24:21 2013] [error] ap_proxy_connect_backend disabling worker for (localhost)
[Mon Apr 01 15:24:46 2013] [error] proxy: HTTP: disabled connection for (localhost)
[Mon Apr 01 15:24:50 2013] [error] proxy: HTTP: disabled connection for (localhost)
[Mon Apr 01 15:24:51 2013] [error] proxy: HTTP: disabled connection for (localhost)
[Mon Apr 01 15:24:52 2013] [error] proxy: HTTP: disabled connection for (localhost)
[Mon Apr 01 15:24:52 2013] [error] proxy: HTTP: disabled connection for (localhost)
[Mon Apr 01 15:24:52 2013] [error] proxy: HTTP: disabled connection for (localhost)
[Mon Apr 01 15:24:53 2013] [error] proxy: HTTP: disabled connection for (localhost)
[Mon Apr 01 15:24:53 2013] [error] proxy: HTTP: disabled connection for (localhost)
[Mon Apr 01 15:24:54 2013] [error] proxy: HTTP: disabled connection for (localhost)
[Mon Apr 01 15:24:54 2013] [error] proxy: HTTP: disabled connection for (localhost)
[Mon Apr 01 15:24:54 2013] [error] proxy: HTTP: disabled connection for (localhost)
[Mon Apr 01 15:24:54 2013] [error] proxy: HTTP: disabled connection for (localhost)
[Mon Apr 01 15:24:54 2013] [error] proxy: HTTP: disabled connection for (localhost)
[Mon Apr 01 15:24:54 2013] [error] proxy: HTTP: disabled connection for (localhost)
[Mon Apr 01 15:24:54 2013] [error] proxy: HTTP: disabled connection for (localhost)
[Mon Apr 01 15:24:54 2013] [error] proxy: HTTP: disabled connection for (localhost)
[Mon Apr 01 15:24:55 2013] [error] proxy: HTTP: disabled connection for (localhost)
[Mon Apr 01 15:24:55 2013] [error] proxy: HTTP: disabled connection for (localhost)
[Mon Apr 01 15:24:55 2013] [error] proxy: HTTP: disabled connection for (localhost)
[Mon Apr 01 15:24:55 2013] [error] proxy: HTTP: disabled connection for (localhost)
[Mon Apr 01 15:24:55 2013] [error] proxy: HTTP: disabled connection for (localhost)
[Mon Apr 01 15:24:55 2013] [error] proxy: HTTP: disabled connection for (localhost)
[Mon Apr 01 15:24:55 2013] [error] proxy: HTTP: disabled connection for (localhost)
[Mon Apr 01 15:24:55 2013] [error] proxy: HTTP: disabled connection for (localhost)
[Mon Apr 01 15:24:55 2013] [error] proxy: HTTP: disabled connection for (localhost)
[Mon Apr 01 15:24:56 2013] [error] proxy: HTTP: disabled connection for (localhost)
[Mon Apr 01 15:24:56 2013] [error] proxy: HTTP: disabled connection for (localhost)
[Mon Apr 01 15:24:58 2013] [error] proxy: HTTP: disabled connection for (localhost)
[Mon Apr 01 15:24:58 2013] [error] proxy: HTTP: disabled connection for (localhost)
[Mon Apr 01 15:24:58 2013] [error] proxy: HTTP: disabled connection for (localhost)
[Mon Apr 01 15:24:59 2013] [error] proxy: HTTP: disabled connection for (localhost)
[Mon Apr 01 15:24:59 2013] [error] proxy: HTTP: disabled connection for (localhost)
[Mon Apr 01 15:24:59 2013] [error] proxy: HTTP: disabled connection for (localhost)
[Mon Apr 01 15:24:59 2013] [error] proxy: HTTP: disabled connection for (localhost)
[Mon Apr 01 15:24:59 2013] [error] proxy: HTTP: disabled connection for (localhost)
[Mon Apr 01 15:24:59 2013] [error] proxy: HTTP: disabled connection for (localhost)
[Mon Apr 01 15:24:59 2013] [error] proxy: HTTP: disabled connection for (localhost)
[Mon Apr 01 15:24:59 2013] [error] proxy: HTTP: disabled connection for (localhost)
[Mon Apr 01 15:24:59 2013] [error] proxy: HTTP: disabled connection for (localhost)
[Mon Apr 01 15:25:00 2013] [error] proxy: HTTP: disabled connection for (localhost)
[Tue Apr 02 17:35:36 2013] [error] (111)Connection refused: proxy: HTTP: attempt to connect to 127.0.0.1:3000 (localhost) failed
[Tue Apr 02 17:35:36 2013] [error] ap_proxy_connect_backend disabling worker for (localhost)
[Tue Apr 02 17:36:11 2013] [error] proxy: HTTP: disabled connection for (localhost)
[Tue Apr 02 17:36:12 2013] [error] proxy: HTTP: disabled connection for (localhost)
[Tue Apr 02 17:36:12 2013] [error] proxy: HTTP: disabled connection for (localhost)
[Tue Apr 02 17:36:12 2013] [error] proxy: HTTP: disabled connection for (localhost)
[Tue Apr 02 17:36:12 2013] [error] proxy: HTTP: disabled connection for (localhost)
[Tue Apr 02 17:36:12 2013] [error] proxy: HTTP: disabled connection for (localhost)
[Tue Apr 02 17:36:13 2013] [error] proxy: HTTP: disabled connection for (localhost)
[Tue Apr 02 17:36:13 2013] [error] proxy: HTTP: disabled connection for (localhost)
[Tue Apr 02 17:36:13 2013] [error] proxy: HTTP: disabled connection for (localhost)
[Tue Apr 02 17:36:13 2013] [error] proxy: HTTP: disabled connection for (localhost)
[Tue Apr 02 17:36:13 2013] [error] proxy: HTTP: disabled connection for (localhost)
[Tue Apr 02 17:36:14 2013] [error] proxy: HTTP: disabled connection for (localhost)
[Tue Apr 02 17:36:14 2013] [error] proxy: HTTP: disabled connection for (localhost)
[Tue Apr 02 17:36:14 2013] [error] proxy: HTTP: disabled connection for (localhost)
[Tue Apr 02 17:36:14 2013] [error] proxy: HTTP: disabled connection for (localhost)
[Tue Apr 02 17:36:15 2013] [error] proxy: HTTP: disabled connection for (localhost)
[Tue Apr 02 17:36:15 2013] [error] proxy: HTTP: disabled connection for (localhost)
[Tue Apr 02 17:36:15 2013] [error] proxy: HTTP: disabled connection for (localhost)
[Tue Apr 02 17:36:16 2013] [error] proxy: HTTP: disabled connection for (localhost)
[Tue Apr 02 17:36:16 2013] [error] proxy: HTTP: disabled connection for (localhost)
[Tue Apr 02 17:36:16 2013] [error] proxy: HTTP: disabled connection for (localhost)
[Tue Apr 02 17:36:17 2013] [error] proxy: HTTP: disabled connection for (localhost)
[Tue Apr 02 17:36:17 2013] [error] proxy: HTTP: disabled connection for (localhost)
[Tue Apr 02 17:36:17 2013] [error] proxy: HTTP: disabled connection for (localhost)
[Tue Apr 02 17:36:18 2013] [error] proxy: HTTP: disabled connection for (localhost)
[Tue Apr 02 17:36:18 2013] [error] proxy: HTTP: disabled connection for (localhost)
[Tue Apr 02 17:36:18 2013] [error] proxy: HTTP: disabled connection for (localhost)
[Tue Apr 02 17:36:18 2013] [error] proxy: HTTP: disabled connection for (localhost)
[Tue Apr 02 17:36:19 2013] [error] proxy: HTTP: disabled connection for (localhost)
[Tue Apr 02 17:36:19 2013] [error] proxy: HTTP: disabled connection for (localhost)
[Tue Apr 02 17:36:19 2013] [error] proxy: HTTP: disabled connection for (localhost)
[Tue Apr 02 17:36:19 2013] [error] proxy: HTTP: disabled connection for (localhost)
[Tue Apr 02 17:36:20 2013] [error] proxy: HTTP: disabled connection for (localhost)
[Tue Apr 02 17:36:20 2013] [error] proxy: HTTP: disabled connection for (localhost)
[Tue Apr 02 17:36:20 2013] [error] proxy: HTTP: disabled connection for (localhost)
[Wed Apr 03 12:55:08 2013] [error] (111)Connection refused: proxy: HTTP: attempt to connect to 127.0.0.1:3000 (localhost) failed
[Wed Apr 03 12:55:08 2013] [error] ap_proxy_connect_backend disabling worker for (localhost)
[Wed Apr 03 12:55:23 2013] [error] proxy: HTTP: disabled connection for (localhost)
[Wed Apr 03 12:55:23 2013] [error] proxy: HTTP: disabled connection for (localhost)
[Wed Apr 03 12:55:25 2013] [error] proxy: HTTP: disabled connection for (localhost)
[Wed Apr 03 12:55:26 2013] [error] proxy: HTTP: disabled connection for (localhost)
[Wed Apr 03 12:55:26 2013] [error] proxy: HTTP: disabled connection for (localhost)
[Wed Apr 03 12:55:26 2013] [error] proxy: HTTP: disabled connection for (localhost)
[Wed Apr 03 12:55:26 2013] [error] proxy: HTTP: disabled connection for (localhost)
[Wed Apr 03 12:55:27 2013] [error] proxy: HTTP: disabled connection for (localhost)
[Wed Apr 03 12:55:27 2013] [error] proxy: HTTP: disabled connection for (localhost)
[Wed Apr 03 12:55:27 2013] [error] proxy: HTTP: disabled connection for (localhost)
[Wed Apr 03 12:55:28 2013] [error] proxy: HTTP: disabled connection for (localhost)
[Wed Apr 03 14:21:04 2013] [error] [client 84.250.91.132] (20014)Internal error: proxy: error reading status line from remote server localhost:3000
[Wed Apr 03 14:21:04 2013] [error] [client 84.250.91.132] proxy: Error reading from remote server returned by /poems/2.json
[Wed Apr 03 14:23:42 2013] [error] [client 84.250.91.132] (20014)Internal error: proxy: error reading status line from remote server localhost:3000
[Wed Apr 03 14:23:42 2013] [error] [client 84.250.91.132] proxy: Error reading from remote server returned by /poems/2.json
[Wed Apr 03 14:25:35 2013] [error] [client 84.250.91.132] (20014)Internal error: proxy: error reading status line from remote server localhost:3000
[Wed Apr 03 14:25:35 2013] [error] [client 84.250.91.132] proxy: Error reading from remote server returned by /poems/2.json
[Wed Apr 03 14:40:31 2013] [error] (111)Connection refused: proxy: HTTP: attempt to connect to 127.0.0.1:3000 (localhost) failed
[Wed Apr 03 14:40:31 2013] [error] ap_proxy_connect_backend disabling worker for (localhost)
[Wed Apr 03 14:40:41 2013] [error] proxy: HTTP: disabled connection for (localhost)
[Wed Apr 03 14:40:42 2013] [error] proxy: HTTP: disabled connection for (localhost)
